#
# There is insufficient memory for the Java Runtime Environment to continue.
# Native memory allocation (malloc) failed to allocate 231072 bytes for Chunk::new
# Possible reasons:
#   The system is out of physical RAM or swap space
#   In 32 bit mode, the process size limit was hit
# Possible solutions:
#   Reduce memory load on the system
#   Increase physical memory or swap space
#   Check if swap backing store is full
#   Use 64 bit Java on a 64 bit OS
#   Decrease Java heap size (-Xmx/-Xms)
#   Decrease number of Java threads
#   Decrease Java thread stack sizes (-Xss)
#   Set larger code cache with -XX:ReservedCodeCacheSize=
# This output file may be truncated or incomplete.
#
#  Out of Memory Error (allocation.cpp:328), pid=1380, tid=3760
#
# JRE version: 7.0_17-b02
# Java VM: Java HotSpot(TM) 64-Bit Server VM (23.7-b01 mixed mode windows-amd64 compressed oops)
# Failed to write core dump. Minidumps are not enabled by default on client versions of Windows
#

---------------  T H R E A D  ---------------

Current thread (0x0000000008ae7000):  JavaThread "C2 CompilerThread0" daemon [_thread_in_native, id=3760, stack(0x0000000009cc0000,0x0000000009dc0000)]

Stack: [0x0000000009cc0000,0x0000000009dc0000]

Current CompileTask:
C2:  27783  702   !         org.apache.catalina.startup.ContextConfig::populateJavaClassCache (159 bytes)


---------------  P R O C E S S  ---------------

Java Threads: ( => current thread )
  0x000000000e619800 JavaThread "Thread-2" daemon [_thread_in_native, id=2464, stack(0x000000000f510000,0x000000000f610000)]
  0x000000000b4ec800 JavaThread "localhost-startStop-1" daemon [_thread_in_native, id=3768, stack(0x000000000c3b0000,0x000000000c4b0000)]
  0x000000000b65a000 JavaThread "Tomcat-startStop-1" daemon [_thread_blocked, id=4308, stack(0x000000000c260000,0x000000000c360000)]
  0x0000000008aec000 JavaThread "Service Thread" daemon [_thread_blocked, id=6684, stack(0x000000000a1a0000,0x000000000a2a0000)]
  0x0000000008aeb000 JavaThread "C2 CompilerThread1" daemon [_thread_blocked, id=4584, stack(0x0000000009f30000,0x000000000a030000)]
=>0x0000000008ae7000 JavaThread "C2 CompilerThread0" daemon [_thread_in_native, id=3760, stack(0x0000000009cc0000,0x0000000009dc0000)]
  0x0000000008ae2000 JavaThread "Monitor Ctrl-Break" daemon [_thread_in_native, id=2040, stack(0x0000000009df0000,0x0000000009ef0000)]
  0x0000000008abf800 JavaThread "Attach Listener" daemon [_thread_blocked, id=6432, stack(0x0000000009b40000,0x0000000009c40000)]
  0x0000000008abe000 JavaThread "Signal Dispatcher" daemon [_thread_blocked, id=5376, stack(0x0000000009a30000,0x0000000009b30000)]
  0x0000000008a12800 JavaThread "Finalizer" daemon [_thread_blocked, id=4868, stack(0x00000000098c0000,0x00000000099c0000)]
  0x0000000008a0a000 JavaThread "Reference Handler" daemon [_thread_blocked, id=6588, stack(0x0000000009730000,0x0000000009830000)]
  0x000000000041e000 JavaThread "main" [_thread_blocked, id=4408, stack(0x0000000002760000,0x0000000002860000)]

Other Threads:
  0x0000000008a04000 VMThread [stack: 0x0000000009500000,0x0000000009600000] [id=3624]
  0x0000000008b5f800 WatcherThread [stack: 0x000000000a710000,0x000000000a810000] [id=5624]

VM state:not at safepoint (normal execution)

VM Mutex/Monitor currently owned by a thread: None

Heap
 PSYoungGen      total 269120K, used 46411K [0x00000000eb360000, 0x00000000fea10000, 0x0000000100000000)
  eden space 230720K, 4% used [0x00000000eb360000,0x00000000ebe569b8,0x00000000f94b0000)
  from space 38400K, 91% used [0x00000000fc300000,0x00000000fe55c5d8,0x00000000fe880000)
  to   space 43712K, 0% used [0x00000000f94b0000,0x00000000f94b0000,0x00000000fbf60000)
 ParOldGen       total 96448K, used 44197K [0x00000000c1a00000, 0x00000000c7830000, 0x00000000eb360000)
  object space 96448K, 45% used [0x00000000c1a00000,0x00000000c4529688,0x00000000c7830000)
 PSPermGen       total 53248K, used 25874K [0x00000000bc800000, 0x00000000bfc00000, 0x00000000c1a00000)
  object space 53248K, 48% used [0x00000000bc800000,0x00000000be144af0,0x00000000bfc00000)

Card table byte_map: [0x0000000005960000,0x0000000005b80000] byte_map_base: 0x000000000537c000

Polling page: 0x0000000000130000

Code Cache  [0x0000000002960000, 0x0000000002bd0000, 0x0000000005960000)
 total_blobs=1037 nmethods=703 adapters=285 free_code_cache=46766Kb largest_free_block=47798144

Compilation events (10 events):
Event: 27.013 Thread 0x0000000008aeb000  742             org.apache.tomcat.util.file.Matcher::matchPath (45 bytes)
Event: 27.020 Thread 0x0000000008aeb000 nmethod 742 0x0000000002b9bed0 code [0x0000000002b9c080, 0x0000000002b9c458]
Event: 27.020 Thread 0x0000000008aeb000  743             org.apache.tomcat.util.file.Matcher::matchPath (435 bytes)
Event: 27.036 Thread 0x0000000008aeb000 nmethod 743 0x0000000002a961d0 code [0x0000000002a96380, 0x0000000002a96fc8]
Event: 27.036 Thread 0x0000000008aeb000  744             java.lang.ReflectiveOperationException::<init> (7 bytes)
Event: 27.038 Thread 0x0000000008aeb000 nmethod 744 0x0000000002b76550 code [0x0000000002b766a0, 0x0000000002b76a48]
Event: 27.038 Thread 0x0000000008aeb000  745             sun.nio.cs.UTF_8$Encoder::encodeArrayLoop (489 bytes)
Event: 27.054 Thread 0x0000000008aeb000 nmethod 745 0x0000000002b77490 code [0x0000000002b77620, 0x0000000002b77ee8]
Event: 27.427 Thread 0x0000000008aeb000  746             java.lang.ClassLoader::findLoadedClass (16 bytes)
Event: 27.430 Thread 0x0000000008aeb000 nmethod 746 0x0000000002a95cd0 code [0x0000000002a95e20, 0x0000000002a96008]

GC Heap History (10 events):
Event: 17.933 GC heap before
{Heap before GC invocations=10 (full 1):
 PSYoungGen      total 137024K, used 12851K [0x00000000eb360000, 0x00000000f9ee0000, 0x0000000100000000)
  eden space 124160K, 0% used [0x00000000eb360000,0x00000000eb360000,0x00000000f2ca0000)
  from space 12864K, 99% used [0x00000000f2ca0000,0x00000000f392cef8,0x00000000f3930000)
  to   space 21248K, 0% used [0x00000000f8a20000,0x00000000f8a20000,0x00000000f9ee0000)
 ParOldGen       total 42624K, used 32706K [0x00000000c1a00000, 0x00000000c43a0000, 0x00000000eb360000)
  object space 42624K, 76% used [0x00000000c1a00000,0x00000000c39f0900,0x00000000c43a0000)
 PSPermGen       total 23552K, used 23533K [0x00000000bc800000, 0x00000000bdf00000, 0x00000000c1a00000)
  object space 23552K, 99% used [0x00000000bc800000,0x00000000bdefb7c8,0x00000000bdf00000)
Event: 18.329 GC heap after
Heap after GC invocations=10 (full 1):
 PSYoungGen      total 137024K, used 0K [0x00000000eb360000, 0x00000000f9ee0000, 0x0000000100000000)
  eden space 124160K, 0% used [0x00000000eb360000,0x00000000eb360000,0x00000000f2ca0000)
  from space 12864K, 0% used [0x00000000f2ca0000,0x00000000f2ca0000,0x00000000f3930000)
  to   space 21248K, 0% used [0x00000000f8a20000,0x00000000f8a20000,0x00000000f9ee0000)
 ParOldGen       total 67776K, used 34751K [0x00000000c1a00000, 0x00000000c5c30000, 0x00000000eb360000)
  object space 67776K, 51% used [0x00000000c1a00000,0x00000000c3befcb8,0x00000000c5c30000)
 PSPermGen       total 47104K, used 23524K [0x00000000bc800000, 0x00000000bf600000, 0x00000000c1a00000)
  object space 47104K, 49% used [0x00000000bc800000,0x00000000bdef9188,0x00000000bf600000)
}
Event: 21.062 GC heap before
{Heap before GC invocations=11 (full 1):
 PSYoungGen      total 137024K, used 124160K [0x00000000eb360000, 0x00000000f9ee0000, 0x0000000100000000)
  eden space 124160K, 100% used [0x00000000eb360000,0x00000000f2ca0000,0x00000000f2ca0000)
  from space 12864K, 0% used [0x00000000f2ca0000,0x00000000f2ca0000,0x00000000f3930000)
  to   space 21248K, 0% used [0x00000000f8a20000,0x00000000f8a20000,0x00000000f9ee0000)
 ParOldGen       total 67776K, used 34751K [0x00000000c1a00000, 0x00000000c5c30000, 0x00000000eb360000)
  object space 67776K, 51% used [0x00000000c1a00000,0x00000000c3befcb8,0x00000000c5c30000)
 PSPermGen       total 47104K, used 23538K [0x00000000bc800000, 0x00000000bf600000, 0x00000000c1a00000)
  object space 47104K, 49% used [0x00000000bc800000,0x00000000bdefc9f8,0x00000000bf600000)
Event: 21.134 GC heap after
Heap after GC invocations=11 (full 1):
 PSYoungGen      total 189184K, used 21244K [0x00000000eb360000, 0x00000000f9ee0000, 0x0000000100000000)
  eden space 167936K, 0% used [0x00000000eb360000,0x00000000eb360000,0x00000000f5760000)
  from space 21248K, 99% used [0x00000000f8a20000,0x00000000f9edf390,0x00000000f9ee0000)
  to   space 26368K, 0% used [0x00000000f6b60000,0x00000000f6b60000,0x00000000f8520000)
 ParOldGen       total 67776K, used 39454K [0x00000000c1a00000, 0x00000000c5c30000, 0x00000000eb360000)
  object space 67776K, 58% used [0x00000000c1a00000,0x00000000c4087bd8,0x00000000c5c30000)
 PSPermGen       total 47104K, used 23538K [0x00000000bc800000, 0x00000000bf600000, 0x00000000c1a00000)
  object space 47104K, 49% used [0x00000000bc800000,0x00000000bdefc9f8,0x00000000bf600000)
}
Event: 23.747 GC heap before
{Heap before GC invocations=12 (full 1):
 PSYoungGen      total 189184K, used 189180K [0x00000000eb360000, 0x00000000f9ee0000, 0x0000000100000000)
  eden space 167936K, 100% used [0x00000000eb360000,0x00000000f5760000,0x00000000f5760000)
  from space 21248K, 99% used [0x00000000f8a20000,0x00000000f9edf390,0x00000000f9ee0000)
  to   space 26368K, 0% used [0x00000000f6b60000,0x00000000f6b60000,0x00000000f8520000)
 ParOldGen       total 67776K, used 39454K [0x00000000c1a00000, 0x00000000c5c30000, 0x00000000eb360000)
  object space 67776K, 58% used [0x00000000c1a00000,0x00000000c4087bd8,0x00000000c5c30000)
 PSPermGen       total 47104K, used 23552K [0x00000000bc800000, 0x00000000bf600000, 0x00000000c1a00000)
  object space 47104K, 50% used [0x00000000bc800000,0x00000000bdf00100,0x00000000bf600000)
Event: 24.108 GC heap after
Heap after GC invocations=12 (full 1):
 PSYoungGen      total 214784K, used 26355K [0x00000000eb360000, 0x00000000fe880000, 0x0000000100000000)
  eden space 188416K, 0% used [0x00000000eb360000,0x00000000eb360000,0x00000000f6b60000)
  from space 26368K, 99% used [0x00000000f6b60000,0x00000000f851cde8,0x00000000f8520000)
  to   space 38400K, 0% used [0x00000000fc300000,0x00000000fc300000,0x00000000fe880000)
 ParOldGen       total 67776K, used 60441K [0x00000000c1a00000, 0x00000000c5c30000, 0x00000000eb360000)
  object space 67776K, 89% used [0x00000000c1a00000,0x00000000c55065d8,0x00000000c5c30000)
 PSPermGen       total 47104K, used 23552K [0x00000000bc800000, 0x00000000bf600000, 0x00000000c1a00000)
  object space 47104K, 50% used [0x00000000bc800000,0x00000000bdf00100,0x00000000bf600000)
}
Event: 24.108 GC heap before
{Heap before GC invocations=13 (full 2):
 PSYoungGen      total 214784K, used 26355K [0x00000000eb360000, 0x00000000fe880000, 0x0000000100000000)
  eden space 188416K, 0% used [0x00000000eb360000,0x00000000eb360000,0x00000000f6b60000)
  from space 26368K, 99% used [0x00000000f6b60000,0x00000000f851cde8,0x00000000f8520000)
  to   space 38400K, 0% used [0x00000000fc300000,0x00000000fc300000,0x00000000fe880000)
 ParOldGen       total 67776K, used 60441K [0x00000000c1a00000, 0x00000000c5c30000, 0x00000000eb360000)
  object space 67776K, 89% used [0x00000000c1a00000,0x00000000c55065d8,0x00000000c5c30000)
 PSPermGen       total 47104K, used 23552K [0x00000000bc800000, 0x00000000bf600000, 0x00000000c1a00000)
  object space 47104K, 50% used [0x00000000bc800000,0x00000000bdf00100,0x00000000bf600000)
Event: 25.147 GC heap after
Heap after GC invocations=13 (full 2):
 PSYoungGen      total 214784K, used 0K [0x00000000eb360000, 0x00000000fe880000, 0x0000000100000000)
  eden space 188416K, 0% used [0x00000000eb360000,0x00000000eb360000,0x00000000f6b60000)
  from space 26368K, 0% used [0x00000000f6b60000,0x00000000f6b60000,0x00000000f8520000)
  to   space 38400K, 0% used [0x00000000fc300000,0x00000000fc300000,0x00000000fe880000)
 ParOldGen       total 96448K, used 44197K [0x00000000c1a00000, 0x00000000c7830000, 0x00000000eb360000)
  object space 96448K, 45% used [0x00000000c1a00000,0x00000000c4529688,0x00000000c7830000)
 PSPermGen       total 53248K, used 23552K [0x00000000bc800000, 0x00000000bfc00000, 0x00000000c1a00000)
  object space 53248K, 44% used [0x00000000bc800000,0x00000000bdf00060,0x00000000bfc00000)
}
Event: 26.557 GC heap before
{Heap before GC invocations=14 (full 2):
 PSYoungGen      total 214784K, used 188416K [0x00000000eb360000, 0x00000000fe880000, 0x0000000100000000)
  eden space 188416K, 100% used [0x00000000eb360000,0x00000000f6b60000,0x00000000f6b60000)
  from space 26368K, 0% used [0x00000000f6b60000,0x00000000f6b60000,0x00000000f8520000)
  to   space 38400K, 0% used [0x00000000fc300000,0x00000000fc300000,0x00000000fe880000)
 ParOldGen       total 96448K, used 44197K [0x00000000c1a00000, 0x00000000c7830000, 0x00000000eb360000)
  object space 96448K, 45% used [0x00000000c1a00000,0x00000000c4529688,0x00000000c7830000)
 PSPermGen       total 53248K, used 24866K [0x00000000bc800000, 0x00000000bfc00000, 0x00000000c1a00000)
  object space 53248K, 46% used [0x00000000bc800000,0x00000000be048ba8,0x00000000bfc00000)
Event: 26.679 GC heap after
Heap after GC invocations=14 (full 2):
 PSYoungGen      total 269120K, used 35185K [0x00000000eb360000, 0x00000000fea10000, 0x0000000100000000)
  eden space 230720K, 0% used [0x00000000eb360000,0x00000000eb360000,0x00000000f94b0000)
  from space 38400K, 91% used [0x00000000fc300000,0x00000000fe55c5d8,0x00000000fe880000)
  to   space 43712K, 0% used [0x00000000f94b0000,0x00000000f94b0000,0x00000000fbf60000)
 ParOldGen       total 96448K, used 44197K [0x00000000c1a00000, 0x00000000c7830000, 0x00000000eb360000)
  object space 96448K, 45% used [0x00000000c1a00000,0x00000000c4529688,0x00000000c7830000)
 PSPermGen       total 53248K, used 24866K [0x00000000bc800000, 0x00000000bfc00000, 0x00000000c1a00000)
  object space 53248K, 46% used [0x00000000bc800000,0x00000000be048ba8,0x00000000bfc00000)
}

Deoptimization events (10 events):
Event: 26.269 Thread 0x000000000b4ec800 Uncommon trap -34 fr.pc 0x0000000002b23c6c
Event: 26.270 Thread 0x000000000b4ec800 Uncommon trap -34 fr.pc 0x0000000002ab09cc
Event: 26.274 Thread 0x000000000b4ec800 Uncommon trap -34 fr.pc 0x0000000002b21fa4
Event: 26.279 Thread 0x000000000b4ec800 Uncommon trap -34 fr.pc 0x0000000002ab09cc
Event: 26.286 Thread 0x000000000b4ec800 Uncommon trap -34 fr.pc 0x0000000002ab09cc
Event: 26.302 Thread 0x000000000b4ec800 Uncommon trap -34 fr.pc 0x0000000002ab09cc
Event: 26.370 Thread 0x000000000b4ec800 Uncommon trap -58 fr.pc 0x0000000002b0d0d0
Event: 26.383 Thread 0x000000000b4ec800 Uncommon trap -58 fr.pc 0x0000000002b0d0d0
Event: 27.116 Thread 0x000000000e619800 Uncommon trap -58 fr.pc 0x0000000002ad6884
Event: 27.478 Thread 0x000000000b4ec800 Uncommon trap -58 fr.pc 0x0000000002b0d0d0

Internal exceptions (10 events):
Event: 27.567 Thread 0x000000000b4ec800 Threw 0x00000000eb953208 at C:\jdk7u2_64p\jdk7u17\hotspot\src\share\vm\prims\jvm.cpp:1166
Event: 27.567 Thread 0x000000000b4ec800 Threw 0x00000000eb9538e8 at C:\jdk7u2_64p\jdk7u17\hotspot\src\share\vm\prims\jvm.cpp:1166
Event: 27.567 Thread 0x000000000b4ec800 Threw 0x00000000eb958118 at C:\jdk7u2_64p\jdk7u17\hotspot\src\share\vm\prims\jvm.cpp:1166
Event: 27.567 Thread 0x000000000b4ec800 Threw 0x00000000eb958810 at C:\jdk7u2_64p\jdk7u17\hotspot\src\share\vm\prims\jvm.cpp:1166
Event: 27.569 Thread 0x000000000b4ec800 Threw 0x00000000eb95e5d8 at C:\jdk7u2_64p\jdk7u17\hotspot\src\share\vm\prims\jvm.cpp:1166
Event: 27.569 Thread 0x000000000b4ec800 Threw 0x00000000eb95ecb8 at C:\jdk7u2_64p\jdk7u17\hotspot\src\share\vm\prims\jvm.cpp:1166
Event: 27.569 Thread 0x000000000b4ec800 Threw 0x00000000eb9655d8 at C:\jdk7u2_64p\jdk7u17\hotspot\src\share\vm\prims\jvm.cpp:1166
Event: 27.569 Thread 0x000000000b4ec800 Threw 0x00000000eb965be8 at C:\jdk7u2_64p\jdk7u17\hotspot\src\share\vm\prims\jvm.cpp:1166
Event: 27.570 Thread 0x000000000b4ec800 Threw 0x00000000eb96a420 at C:\jdk7u2_64p\jdk7u17\hotspot\src\share\vm\prims\jvm.cpp:1166
Event: 27.570 Thread 0x000000000b4ec800 Threw 0x00000000eb96aa30 at C:\jdk7u2_64p\jdk7u17\hotspot\src\share\vm\prims\jvm.cpp:1166

Events (10 events):
Event: 27.567 loading class 0x000000000ed50730
Event: 27.567 loading class 0x000000000ed50730 done
Event: 27.568 loading class 0x000000000ea652f0
Event: 27.568 loading class 0x000000000ea652f0 done
Event: 27.569 loading class 0x000000000ed50690
Event: 27.569 loading class 0x000000000ed50690 done
Event: 27.569 loading class 0x000000000ea2e3c0
Event: 27.569 loading class 0x000000000ea2e3c0 done
Event: 27.570 loading class 0x000000000ea2e400
Event: 27.570 loading class 0x000000000ea2e400 done


Dynamic libraries:
0x000000013f240000 - 0x000000013f273000 	C:\Program Files\Java\jdk1.7.0_17\bin\java.exe
0x0000000077450000 - 0x00000000775f9000 	C:\Windows\SYSTEM32\ntdll.dll
0x0000000077330000 - 0x000000007744f000 	C:\Windows\system32\kernel32.dll
0x000007fefd700000 - 0x000007fefd76c000 	C:\Windows\system32\KERNELBASE.dll
0x000007fefdd00000 - 0x000007fefdddb000 	C:\Windows\system32\ADVAPI32.dll
0x000007fefdaa0000 - 0x000007fefdb3f000 	C:\Windows\system32\msvcrt.dll
0x000007fefd770000 - 0x000007fefd78f000 	C:\Windows\SYSTEM32\sechost.dll
0x000007fefe040000 - 0x000007fefe16d000 	C:\Windows\system32\RPCRT4.dll
0x0000000077230000 - 0x000000007732a000 	C:\Windows\system32\USER32.dll
0x000007feff400000 - 0x000007feff467000 	C:\Windows\system32\GDI32.dll
0x000007fefdcf0000 - 0x000007fefdcfe000 	C:\Windows\system32\LPK.dll
0x000007feff330000 - 0x000007feff3f9000 	C:\Windows\system32\USP10.dll
0x000007fefbe70000 - 0x000007fefc064000 	C:\Windows\WinSxS\amd64_microsoft.windows.common-controls_6595b64144ccf1df_6.0.7601.17514_none_fa396087175ac9ac\COMCTL32.dll
0x000007fefdb40000 - 0x000007fefdbb1000 	C:\Windows\system32\SHLWAPI.dll
0x000007fefdca0000 - 0x000007fefdcce000 	C:\Windows\system32\IMM32.DLL
0x000007feff470000 - 0x000007feff579000 	C:\Windows\system32\MSCTF.dll
0x0000000071a00000 - 0x0000000071ad1000 	C:\Program Files\Java\jdk1.7.0_17\jre\bin\msvcr100.dll
0x000000005bbc0000 - 0x000000005c2df000 	C:\Program Files\Java\jdk1.7.0_17\jre\bin\server\jvm.dll
0x000007fefabc0000 - 0x000007fefabc9000 	C:\Windows\system32\WSOCK32.dll
0x000007fefdde0000 - 0x000007fefde2d000 	C:\Windows\system32\WS2_32.dll
0x000007fefd830000 - 0x000007fefd838000 	C:\Windows\system32\NSI.dll
0x000007fef8d30000 - 0x000007fef8d6b000 	C:\Windows\system32\WINMM.dll
0x0000000077610000 - 0x0000000077617000 	C:\Windows\system32\PSAPI.DLL
0x00000000739f0000 - 0x00000000739ff000 	C:\Program Files\Java\jdk1.7.0_17\jre\bin\verify.dll
0x00000000739c0000 - 0x00000000739e8000 	C:\Program Files\Java\jdk1.7.0_17\jre\bin\java.dll
0x0000000073990000 - 0x00000000739b3000 	C:\Program Files\Java\jdk1.7.0_17\jre\bin\instrument.dll
0x00000000738b0000 - 0x00000000738c5000 	C:\Program Files\Java\jdk1.7.0_17\jre\bin\zip.dll
0x000007fef8690000 - 0x000007fef86aa000 	E:\Java\iderIU\IntelliJ IDEA 2017.2.4\bin\breakgen64.dll
0x0000000072680000 - 0x0000000072699000 	C:\Program Files\Java\jdk1.7.0_17\jre\bin\net.dll
0x000007fefcbb0000 - 0x000007fefcc05000 	C:\Windows\system32\mswsock.dll
0x000007fefcba0000 - 0x000007fefcba7000 	C:\Windows\System32\wship6.dll
0x0000000072660000 - 0x0000000072671000 	C:\Program Files\Java\jdk1.7.0_17\jre\bin\nio.dll
0x000007fefcc10000 - 0x000007fefcc27000 	C:\Windows\system32\CRYPTSP.dll
0x000007fefc910000 - 0x000007fefc957000 	C:\Windows\system32\rsaenh.dll
0x000007fefc6e0000 - 0x000007fefc6fe000 	C:\Windows\system32\USERENV.dll
0x000007fefd3a0000 - 0x000007fefd3af000 	C:\Windows\system32\profapi.dll
0x000007fefd290000 - 0x000007fefd29f000 	C:\Windows\system32\CRYPTBASE.dll
0x000007fefafe0000 - 0x000007fefaff5000 	C:\Windows\system32\NLAapi.dll
0x000007fef9380000 - 0x000007fef9395000 	C:\Windows\system32\napinsp.dll
0x000007fef9360000 - 0x000007fef9379000 	C:\Windows\system32\pnrpnsp.dll
0x000007fefca30000 - 0x000007fefca8b000 	C:\Windows\system32\DNSAPI.dll
0x000007fef9350000 - 0x000007fef935b000 	C:\Windows\System32\winrnr.dll
0x000007fefc5d0000 - 0x000007fefc5d7000 	C:\Windows\System32\wshtcpip.dll
0x000007fefac80000 - 0x000007fefaca7000 	C:\Windows\system32\IPHLPAPI.DLL
0x000007fefac70000 - 0x000007fefac7b000 	C:\Windows\system32\WINNSI.DLL
0x000007fef9880000 - 0x000007fef9888000 	C:\Windows\system32\rasadhlp.dll
0x000007fefa440000 - 0x000007fefa493000 	C:\Windows\System32\fwpuclnt.dll
0x0000000073980000 - 0x000000007398b000 	C:\Program Files\Java\jdk1.7.0_17\jre\bin\management.dll

VM Arguments:
jvm_args: -Dmaven.multiModuleProjectDirectory=E:\java´úÂë\IDEAworkspace\loan\loan-manager\loan-manager-web -Dmaven.home=E:\Java\apache-maven-3.3.9 -Dclassworlds.conf=E:\Java\apache-maven-3.3.9\bin\m2.conf -javaagent:E:\Java\iderIU\IntelliJ IDEA 2017.2.4\lib\idea_rt.jar=4943:E:\Java\iderIU\IntelliJ IDEA 2017.2.4\bin -Dfile.encoding=UTF-8 
java_command: org.codehaus.classworlds.Launcher -Didea.version=2017.2.4 -s E:\Java\apache-maven-3.3.9\conf\settings.xml -Dmaven.repo.local=E:\Java\apache-maven-3.3.9\repo org.apache.tomcat.maven:tomcat7-maven-plugin:2.2:run
Launcher Type: SUN_STANDARD

Environment Variables:
JAVA_HOME=C:\Program Files\Java\jdk1.7.0_17
PATH=E:\Java\apache-maven-3.3.9\bin;C:\Program Files\Java\jdk1.7.0_17\bin;C:\Windows\system32;C:\Windows;C:\Windows\System32\Wbem;C:\Windows\System32\WindowsPowerShell\v1.0\;C:\Program Files\Git\cmd
USERNAME=Administrator
OS=Windows_NT
PROCESSOR_IDENTIFIER=Intel64 Family 6 Model 23 Stepping 10, GenuineIntel



---------------  S Y S T E M  ---------------

OS: Windows 7 , 64 bit Build 7601 Service Pack 1

CPU:total 2 (2 cores per cpu, 1 threads per core) family 6 model 23 stepping 10, cmov, cx8, fxsr, mmx, sse, sse2, sse3, ssse3, sse4.1, tsc

Memory: 4k page, physical 4085784k(186120k free), swap 6181088k(5164k free)

vm_info: Java HotSpot(TM) 64-Bit Server VM (23.7-b01) for windows-amd64 JRE (1.7.0_17-b02), built on Mar  1 2013 03:38:30 by "java_re" with unknown MS VC++:1600

time: Mon Oct 23 23:19:58 2017
elapsed time: 27 seconds

